c:\users\mathieu marc pobre\documents\github\consoleapplication1\consoleapplication1\x64\debug\vc143.pdb
c:\users\mathieu marc pobre\documents\github\consoleapplication1\consoleapplication1\x64\debug\vc143.idb
c:\users\mathieu marc pobre\documents\github\consoleapplication1\consoleapplication1\x64\debug\teams.obj
c:\users\mathieu marc pobre\documents\github\consoleapplication1\consoleapplication1\x64\debug\consoleapplication1.obj
c:\users\mathieu marc pobre\documents\github\consoleapplication1\consoleapplication1\x64\debug\menu.obj
c:\users\mathieu marc pobre\documents\github\consoleapplication1\consoleapplication1\x64\debug\artifact.obj
c:\users\mathieu marc pobre\documents\github\consoleapplication1\consoleapplication1\x64\debug\weapon.obj
c:\users\mathieu marc pobre\documents\github\consoleapplication1\consoleapplication1\x64\debug\character.obj
c:\users\mathieu marc pobre\documents\github\consoleapplication1\x64\debug\genshincalc.exe
c:\users\mathieu marc pobre\documents\github\consoleapplication1\consoleapplication1\x64\debug\genshincalc.ilk
c:\users\mathieu marc pobre\documents\github\consoleapplication1\x64\debug\genshincalc.pdb
c:\users\mathieu marc pobre\documents\github\consoleapplication1\consoleapplication1\x64\debug\genshincalc.tlog\cl.command.1.tlog
c:\users\mathieu marc pobre\documents\github\consoleapplication1\consoleapplication1\x64\debug\genshincalc.tlog\cl.items.tlog
c:\users\mathieu marc pobre\documents\github\consoleapplication1\consoleapplication1\x64\debug\genshincalc.tlog\cl.read.1.tlog
c:\users\mathieu marc pobre\documents\github\consoleapplication1\consoleapplication1\x64\debug\genshincalc.tlog\cl.write.1.tlog
c:\users\mathieu marc pobre\documents\github\consoleapplication1\consoleapplication1\x64\debug\genshincalc.tlog\link-cvtres.read.1.tlog
c:\users\mathieu marc pobre\documents\github\consoleapplication1\consoleapplication1\x64\debug\genshincalc.tlog\link-cvtres.write.1.tlog
c:\users\mathieu marc pobre\documents\github\consoleapplication1\consoleapplication1\x64\debug\genshincalc.tlog\link-rc.read.1.tlog
c:\users\mathieu marc pobre\documents\github\consoleapplication1\consoleapplication1\x64\debug\genshincalc.tlog\link-rc.write.1.tlog
c:\users\mathieu marc pobre\documents\github\consoleapplication1\consoleapplication1\x64\debug\genshincalc.tlog\link.24216-cvtres.read.1.tlog
c:\users\mathieu marc pobre\documents\github\consoleapplication1\consoleapplication1\x64\debug\genshincalc.tlog\link.24216-cvtres.write.1.tlog
c:\users\mathieu marc pobre\documents\github\consoleapplication1\consoleapplication1\x64\debug\genshincalc.tlog\link.24216-rc.read.1.tlog
c:\users\mathieu marc pobre\documents\github\consoleapplication1\consoleapplication1\x64\debug\genshincalc.tlog\link.24216-rc.write.1.tlog
c:\users\mathieu marc pobre\documents\github\consoleapplication1\consoleapplication1\x64\debug\genshincalc.tlog\link.24216.read.1.tlog
c:\users\mathieu marc pobre\documents\github\consoleapplication1\consoleapplication1\x64\debug\genshincalc.tlog\link.24216.read.2.tlog
c:\users\mathieu marc pobre\documents\github\consoleapplication1\consoleapplication1\x64\debug\genshincalc.tlog\link.24216.read.3.tlog
c:\users\mathieu marc pobre\documents\github\consoleapplication1\consoleapplication1\x64\debug\genshincalc.tlog\link.24216.read.4.tlog
c:\users\mathieu marc pobre\documents\github\consoleapplication1\consoleapplication1\x64\debug\genshincalc.tlog\link.24216.write.1.tlog
c:\users\mathieu marc pobre\documents\github\consoleapplication1\consoleapplication1\x64\debug\genshincalc.tlog\link.command.1.tlog
c:\users\mathieu marc pobre\documents\github\consoleapplication1\consoleapplication1\x64\debug\genshincalc.tlog\link.read.1.tlog
c:\users\mathieu marc pobre\documents\github\consoleapplication1\consoleapplication1\x64\debug\genshincalc.tlog\link.read.2.tlog
c:\users\mathieu marc pobre\documents\github\consoleapplication1\consoleapplication1\x64\debug\genshincalc.tlog\link.read.3.tlog
c:\users\mathieu marc pobre\documents\github\consoleapplication1\consoleapplication1\x64\debug\genshincalc.tlog\link.read.4.tlog
c:\users\mathieu marc pobre\documents\github\consoleapplication1\consoleapplication1\x64\debug\genshincalc.tlog\link.write.1.tlog
